45223 35086 45181
72844 87122 72773
100676 138423 100581
138653 180293 138520
179327 220331 179161
219603 260528 219398
262457 298502 262213
307555 335041 307261
350728 373550 350396
395284 410356 394907
437724 449298 437301
467338 488097 479725
467338 527571 521407
467338 566895 563129
467338 605887 605398
467338 645116 647431
467338 687246 686497
467338 731538 723159
467338 782021 752695
467338 831563 781803
467338 871724 821312
467338 910501 863187
467338 949205 905551
467338 1006189 929765
467338 1056422 960742
467338 1092953 1005481
467338 1129768 1049949
467338 1167495 1093523
467338 1206302 1135873
467338 1245063 1178166
467338 1284898 1219385
467338 1325114 1260274
467338 1365040 1301478
467338 1424769 1322887
467338 1492293 1336360
467338 1543796 1365579
467338 1600858 1389106
467338 1654869 1414222
467338 1699899 1449148
467338 1774398 1455007
467338 1836648 1473652
467338 1885008 1506017
467338 1965272 1506900
467338 2019994 1533428
467338 2059833 1575086
467338 2100086 1616074
467338 2141615 1655533
467338 2184197 1693882
467338 2226779 1732181
467338 2269899 1770140
467338 2312693 1808199
467338 2357496 1844463
467338 2409327 1873825
467338 2455146 1909121
467338 2503648 1941206
467338 2563056 1962204
467338 2637933 1966578
467338 2710289 1974121
467338 2760670 2004960
467338 2805155 2041500
467338 2851162 2076526
467338 2925536 2082799
467338 2979810 2109774
467338 3018693 2152486
467338 3058858 2193713
467338 3100349 2233409
467338 3141682 2273155
467338 3182608 2313199
467338 3223940 2352889
467338 3267722 2390109
467338 3320865 2417785
467338 3371354 2448145
467338 3419927 2480252
467338 3476862 2503481
467338 3555169 2504690
467338 3626255 2513560
467338 3696080 2524245
467338 3774852 2526107
467338 3848572 2533459
467338 3906860 2556160
467338 3947484 2596682
467338 3987466 2637821
467338 4028979 2677332
467338 4071322 2716034
467338 4113428 2755225
467338 4157203 2792555
467338 4200925 2829887
467338 4259439 2852414
467338 4306629 2886173
467338 4359673 2912779
467338 4428150 2922577
467338 4506500 2924038
467338 4585866 2925671
467338 4665128 2927201
467338 4744216 2928682
467338 4824589 2929401
467338 4891042 2942776
467338 4968974 2944788
467338 5045730 2946593
467338 5116926 2953320
======== Results ========
trace :  w101
memory size :  472058
trace_size :  8520242
Q size :  4720.58
page hit :  5300624
page fault :  3219618
Hit ratio:  62.212129655472225
Out stack hit :  2956248
Positive sampler:  5116962 Negative sampler:  2953321
Predict Times = 8072211 H->L 1041052 L->H 0 H->H 2487341 L->L 4543818