[Errno 17] File exists: '../result_set/zigzag/'
100
['0', '2902', '0', '98']
100
['0', '5099', '0', '2']
100
['0', '5101', '0', '0']
100
['0', '5000', '0', '2']
100
['0', '5099', '0', '2']
100
['0', '5101', '0', '0']
100
['0', '5000', '0', '2']
100
['0', '5099', '0', '2']
100
['0', '5101', '0', '0']
100
['0', '5099', '0', '2']
100
['0', '5000', '0', '2']
100
['0', '5101', '0', '0']
100
['0', '5099', '0', '2']
100
['0', '5000', '0', '2']
100
['0', '5101', '0', '0']
100
['0', '5099', '0', '2']
100
['0', '5000', '0', '2']
100
['0', '5101', '0', '0']
100
['0', '5099', '0', '2']
100
['0', '5101', '0', '0']
======== Results ========
trace :  zigzag
memory size :  100
trace_size :  52001
Q size :  2
page hit :  2475
page fault :  49526
Hit ratio:  4.759523855310475
Out stack hit :  25989
Predict Times = 50901 H->L 0 L->H 96 H->H 50767 L->L 0
200
['0', '2602', '0', '198']
200
['0', '4999', '0', '2']
200
['0', '5001', '0', '0']
200
['0', '4800', '0', '2']
200
['0', '4999', '0', '2']
200
['0', '5001', '0', '0']
200
['0', '4800', '0', '2']
200
['0', '4999', '0', '2']
200
['0', '5001', '0', '0']
200
['0', '4999', '0', '2']
200
['0', '4800', '0', '2']
200
['0', '5001', '0', '0']
200
['0', '4999', '0', '2']
200
['0', '4800', '0', '2']
200
['0', '5001', '0', '0']
200
['0', '4999', '0', '2']
200
['0', '4802', '0', '0']
200
['0', '4999', '0', '2']
200
['0', '4999', '0', '2']
200
['0', '5001', '0', '0']
======== Results ========
trace :  zigzag
memory size :  200
trace_size :  52001
Q size :  2.0
page hit :  4975
page fault :  47026
Hit ratio:  9.56712370915944
Out stack hit :  25989
Predict Times = 50801 H->L 0 L->H 196 H->H 50567 L->L 0
300
['0', '2303', '0', '297']
300
['0', '4898', '0', '3']
300
['0', '4901', '0', '0']
300
['0', '4599', '0', '3']
300
['0', '4898', '0', '3']
300
['0', '4901', '0', '0']
300
['0', '4699', '0', '3']
300
['0', '4798', '0', '3']
300
['0', '4901', '0', '0']
300
['0', '4898', '0', '3']
300
['0', '4599', '0', '3']
300
['0', '4901', '0', '0']
300
['0', '4898', '0', '3']
300
['0', '4599', '0', '3']
300
['0', '4901', '0', '0']
300
['0', '4898', '0', '3']
300
['0', '4702', '0', '0']
300
['0', '4798', '0', '3']
300
['0', '4898', '0', '3']
300
['0', '4901', '0', '0']
======== Results ========
trace :  zigzag
memory size :  300
trace_size :  52001
Q size :  3.0
page hit :  7475
page fault :  44526
Hit ratio:  14.374723563008404
Out stack hit :  25977
Predict Times = 50701 H->L 0 L->H 294 H->H 50344 L->L 0
400
['0', '2004', '0', '396']
400
['0', '4797', '0', '4']
400
['0', '4801', '0', '0']
400
['0', '4398', '0', '4']
400
['0', '4797', '0', '4']
400
['0', '4801', '0', '0']
400
['0', '4598', '0', '4']
400
['0', '4597', '0', '4']
400
['0', '4801', '0', '0']
400
['0', '4797', '0', '4']
400
['0', '4398', '0', '4']
400
['0', '4801', '0', '0']
400
['0', '4797', '0', '4']
400
['0', '4402', '0', '0']
400
['0', '4797', '0', '4']
400
['0', '4797', '0', '4']
400
['0', '4602', '0', '0']
400
['0', '4597', '0', '4']
400
['0', '4797', '0', '4']
400
['0', '4801', '0', '0']
======== Results ========
trace :  zigzag
memory size :  400
trace_size :  52001
Q size :  4.0
page hit :  9975
page fault :  42026
Hit ratio:  19.18232341685737
Out stack hit :  25965
Predict Times = 50601 H->L 0 L->H 392 H->H 50121 L->L 0
500
['0', '1705', '0', '495']
500
['0', '4696', '0', '5']
500
['0', '4701', '0', '0']
500
['0', '4297', '0', '5']
500
['0', '4596', '0', '5']
500
['0', '4701', '0', '0']
500
['0', '4497', '0', '5']
500
['0', '4396', '0', '5']
500
['0', '4701', '0', '0']
500
['0', '4696', '0', '5']
500
['0', '4197', '0', '5']
500
['0', '4701', '0', '0']
500
['0', '4696', '0', '5']
500
['0', '4302', '0', '0']
500
['0', '4596', '0', '5']
500
['0', '4696', '0', '5']
500
['0', '4502', '0', '0']
500
['0', '4396', '0', '5']
500
['0', '4696', '0', '5']
500
['0', '4701', '0', '0']
======== Results ========
trace :  zigzag
memory size :  500
trace_size :  52001
Q size :  5.0
page hit :  12475
page fault :  39526
Hit ratio:  23.98992327070633
Out stack hit :  25953
Predict Times = 50501 H->L 0 L->H 490 H->H 49898 L->L 0
600
['0', '1406', '0', '594']
600
['0', '4595', '0', '6']
600
['0', '4601', '0', '0']
600
['0', '4196', '0', '6']
600
['0', '4395', '0', '6']
600
['0', '4601', '0', '0']
600
['0', '4396', '0', '6']
600
['0', '4195', '0', '6']
600
['0', '4601', '0', '0']
600
['0', '4595', '0', '6']
600
['0', '4002', '0', '0']
600
['0', '4595', '0', '6']
600
['0', '4595', '0', '6']
600
['0', '4202', '0', '0']
600
['0', '4395', '0', '6']
600
['0', '4595', '0', '6']
600
['0', '4402', '0', '0']
600
['0', '4195', '0', '6']
600
['0', '4595', '0', '6']
600
['0', '4601', '0', '0']
======== Results ========
trace :  zigzag
memory size :  600
trace_size :  52001
Q size :  6.0
page hit :  14975
page fault :  37026
Hit ratio:  28.797523124555298
Out stack hit :  25941
Predict Times = 50401 H->L 0 L->H 588 H->H 49675 L->L 0
700
['0', '1207', '0', '693']
700
['0', '3902', '0', '499']
700
['0', '4487', '0', '14']
700
['0', '4095', '0', '7']
700
['0', '4194', '0', '7']
700
['0', '4487', '0', '14']
700
['0', '4295', '0', '7']
700
['0', '3994', '0', '7']
700
['0', '4494', '0', '7']
700
['0', '4488', '0', '13']
700
['0', '3894', '0', '8']
700
['0', '4394', '0', '7']
700
['0', '4494', '0', '7']
700
['0', '4088', '0', '14']
700
['0', '4194', '0', '7']
700
['0', '4494', '0', '7']
700
['0', '4288', '0', '14']
700
['0', '3994', '0', '7']
700
['0', '4494', '0', '7']
700
['0', '4487', '0', '14']
======== Results ========
trace :  zigzag
memory size :  700
trace_size :  52001
Q size :  7.0
page hit :  16976
page fault :  35025
Hit ratio:  32.645526047576006
Out stack hit :  26428
Predict Times = 50301 H->L 499 L->H 686 H->H 48948 L->L 0
800
['0', '1008', '0', '792']
800
['0', '3800', '0', '401']
800
['0', '4385', '0', '16']
800
['0', '3994', '0', '8']
800
['0', '3993', '0', '8']
800
['0', '4393', '0', '8']
800
['0', '4186', '0', '16']
800
['0', '3793', '0', '8']
800
['0', '4393', '0', '8']
800
['0', '4386', '0', '15']
800
['0', '3793', '0', '9']
800
['0', '4193', '0', '8']
800
['0', '4393', '0', '8']
800
['0', '3986', '0', '16']
800
['0', '3993', '0', '8']
800
['0', '4393', '0', '8']
800
['0', '4186', '0', '16']
800
['0', '3793', '0', '8']
800
['0', '4393', '0', '8']
800
['0', '4385', '0', '16']
======== Results ========
trace :  zigzag
memory size :  800
trace_size :  52001
Q size :  8.0
page hit :  19574
page fault :  32427
Hit ratio:  37.64158381569585
Out stack hit :  26326
Predict Times = 50201 H->L 409 L->H 784 H->H 48726 L->L 90
900
['0', '809', '0', '891']
900
['0', '3800', '0', '201']
900
['0', '4292', '0', '9']
900
['0', '3884', '0', '18']
900
['0', '3792', '0', '9']
900
['0', '4292', '0', '9']
900
['0', '4084', '0', '18']
900
['0', '3692', '0', '9']
900
['0', '4192', '0', '9']
900
['0', '4284', '0', '17']
900
['0', '3692', '0', '10']
900
['0', '3992', '0', '9']
900
['0', '4292', '0', '9']
900
['0', '3884', '0', '18']
900
['0', '3792', '0', '9']
900
['0', '4292', '0', '9']
900
['0', '4084', '0', '18']
900
['0', '3692', '0', '9']
900
['0', '4192', '0', '9']
900
['0', '4283', '0', '18']
======== Results ========
trace :  zigzag
memory size :  900
trace_size :  52001
Q size :  9.0
page hit :  22274
page fault :  29727
Hit ratio:  42.833791657852736
Out stack hit :  26115
Predict Times = 50101 H->L 210 L->H 882 H->H 48504 L->L 289
1000
['0', '610', '0', '990']
1000
['0', '3800', '0', '1']
1000
['0', '4191', '0', '10']
1000
['0', '3791', '0', '11']
1000
['0', '3600', '0', '1']
1000
['0', '4191', '0', '10']
1000
['0', '3991', '0', '11']
1000
['0', '3600', '0', '1']
1000
['0', '3991', '0', '10']
1000
['0', '4191', '0', '10']
1000
['0', '3600', '0', '2']
1000
['0', '3791', '0', '10']
1000
['0', '4200', '0', '1']
1000
['0', '3791', '0', '11']
1000
['0', '3591', '0', '10']
1000
['0', '4200', '0', '1']
1000
['0', '3991', '0', '11']
1000
['0', '3591', '0', '10']
1000
['0', '4000', '0', '1']
1000
['0', '4191', '0', '10']
======== Results ========
trace :  zigzag
memory size :  1000
trace_size :  52001
Q size :  10.0
page hit :  24974
page fault :  27027
Hit ratio:  48.02599950000961
Out stack hit :  25904
Predict Times = 50001 H->L 11 L->H 980 H->H 48282 L->L 488
1100
['0', '599', '0', '901']
1100
['0', '3302', '0', '299']
1100
['0', '3891', '0', '210']
1100
['0', '3503', '0', '199']
1100
['0', '3192', '0', '309']
1100
['0', '3691', '0', '310']
1100
['0', '3703', '0', '199']
1100
['0', '3302', '0', '199']
1100
['0', '3403', '0', '398']
1100
['0', '3902', '0', '199']
1100
['0', '3303', '0', '199']
1100
['0', '3203', '0', '398']
1100
['0', '3902', '0', '199']
1100
['0', '3503', '0', '199']
1100
['0', '3203', '0', '298']
1100
['0', '3702', '0', '299']
1100
['0', '3703', '0', '199']
1100
['0', '3302', '0', '199']
1100
['0', '3403', '0', '398']
1100
['0', '3902', '0', '199']
======== Results ========
trace :  zigzag
memory size :  1100
trace_size :  52001
Q size :  11.0
page hit :  27255
page fault :  24746
Hit ratio:  52.412453606661416
Out stack hit :  44620
Predict Times = 49901 H->L 20381 L->H 1078 H->H 27575 L->L 802
1200
['0', '599', '0', '801']
1200
['0', '2803', '0', '598']
1200
['0', '3589', '0', '412']
1200
['0', '3203', '0', '399']
1200
['0', '2803', '0', '598']
1200
['0', '3202', '0', '599']
1200
['0', '3403', '0', '399']
1200
['0', '3002', '0', '399']
1200
['0', '2803', '0', '798']
1200
['0', '3602', '0', '399']
1200
['0', '3003', '0', '399']
1200
['0', '2603', '0', '798']
1200
['0', '3602', '0', '399']
1200
['0', '3203', '0', '399']
1200
['0', '2803', '0', '598']
1200
['0', '3202', '0', '599']
1200
['0', '3403', '0', '399']
1200
['0', '3002', '0', '399']
1200
['0', '2803', '0', '798']
1200
['0', '3602', '0', '399']
======== Results ========
trace :  zigzag
memory size :  1200
trace_size :  52001
Q size :  12.0
page hit :  29565
page fault :  22436
Hit ratio:  56.85467587161786
Out stack hit :  47137
Predict Times = 49801 H->L 25977 L->H 1176 H->H 22011 L->L 602
1300
['0', '599', '0', '701']
1300
['0', '2503', '0', '798']
1300
['0', '3101', '0', '700']
1300
['0', '2903', '0', '599']
1300
['0', '2403', '0', '898']
1300
['0', '2702', '0', '899']
1300
['0', '3103', '0', '599']
1300
['0', '2603', '0', '698']
1300
['0', '2302', '0', '1099']
1300
['0', '3302', '0', '599']
1300
['0', '2703', '0', '599']
1300
['0', '2203', '0', '1098']
1300
['0', '3102', '0', '699']
1300
['0', '2903', '0', '599']
1300
['0', '2403', '0', '898']
1300
['0', '2702', '0', '899']
1300
['0', '3103', '0', '599']
1300
['0', '2603', '0', '698']
1300
['0', '2302', '0', '1099']
1300
['0', '3302', '0', '599']
======== Results ========
trace :  zigzag
memory size :  1300
trace_size :  52001
Q size :  13.0
page hit :  31851
page fault :  20150
Hit ratio:  61.25074517797735
Out stack hit :  49250
Predict Times = 49701 H->L 29824 L->H 1274 H->H 18176 L->L 402
1400
['0', '599', '0', '601']
1400
['0', '2203', '0', '998']
1400
['0', '2601', '0', '1000']
1400
['0', '2603', '0', '799']
1400
['0', '2003', '0', '1198']
1400
['0', '2202', '0', '1199']
1400
['0', '2803', '0', '799']
1400
['0', '2203', '0', '998']
1400
['0', '1802', '0', '1399']
1400
['0', '3002', '0', '799']
1400
['0', '2403', '0', '799']
1400
['0', '1803', '0', '1398']
1400
['0', '2602', '0', '999']
1400
['0', '2603', '0', '799']
1400
['0', '2003', '0', '1198']
1400
['0', '2202', '0', '1199']
1400
['0', '2803', '0', '799']
1400
['0', '2203', '0', '998']
1400
['0', '1802', '0', '1399']
1400
['0', '3002', '0', '799']
======== Results ========
trace :  zigzag
memory size :  1400
trace_size :  52001
Q size :  14.0
page hit :  34149
page fault :  17852
Hit ratio:  65.66989096363531
Out stack hit :  49479
Predict Times = 49601 H->L 32379 L->H 1372 H->H 15622 L->L 202
1500
['0', '599', '0', '501']
1500
['0', '1903', '0', '1198']
1500
['0', '2101', '0', '1300']
1500
['0', '2303', '0', '999']
1500
['0', '1603', '0', '1498']
1500
['0', '1702', '0', '1499']
1500
['0', '2503', '0', '999']
1500
['0', '1803', '0', '1298']
1500
['0', '1502', '0', '1599']
1500
['0', '2502', '0', '1099']
1500
['0', '2004', '0', '1098']
1500
['0', '1502', '0', '1599']
1500
['0', '2102', '0', '1299']
1500
['0', '2303', '0', '999']
1500
['0', '1603', '0', '1498']
1500
['0', '1702', '0', '1499']
1500
['0', '2503', '0', '999']
1500
['0', '1803', '0', '1298']
1500
['0', '1502', '0', '1599']
1500
['0', '2502', '0', '1099']
======== Results ========
trace :  zigzag
memory size :  1500
trace_size :  52001
Q size :  15.0
page hit :  36447
page fault :  15554
Hit ratio:  70.08903674929329
Out stack hit :  49656
Predict Times = 49501 H->L 34714 L->H 1470 H->H 13274 L->L 15
1600
['0', '599', '0', '401']
1600
['0', '2202', '0', '799']
1600
['0', '1602', '0', '1599']
1600
['0', '2003', '0', '1199']
1600
['0', '1203', '0', '1798']
1600
['0', '1202', '0', '1799']
1600
['0', '2203', '0', '1199']
1600
['0', '1403', '0', '1598']
1600
['0', '1202', '0', '1799']
1600
['0', '2002', '0', '1399']
1600
['0', '1604', '0', '1398']
1600
['0', '1202', '0', '1799']
1600
['0', '1602', '0', '1599']
1600
['0', '2003', '0', '1199']
1600
['0', '1203', '0', '1798']
1600
['0', '1202', '0', '1799']
1600
['0', '2203', '0', '1199']
1600
['0', '1403', '0', '1598']
1600
['0', '1202', '0', '1799']
1600
['0', '2002', '0', '1399']
======== Results ========
trace :  zigzag
memory size :  1600
trace_size :  52001
Q size :  16.0
page hit :  39174
page fault :  12827
Hit ratio:  75.33316666987173
Out stack hit :  44447
Predict Times = 49401 H->L 38187 L->H 1385 H->H 9236 L->L 593
1700
['0', '599', '0', '301']
1700
['0', '2002', '0', '899']
1700
['0', '1102', '0', '1899']
1700
['0', '1604', '0', '1498']
1700
['0', '902', '0', '1999']
1700
['0', '902', '0', '1999']
1700
['0', '1703', '0', '1499']
1700
['0', '1003', '0', '1898']
1700
['0', '902', '0', '1999']
1700
['0', '1502', '0', '1699']
1700
['0', '1204', '0', '1698']
1700
['0', '902', '0', '1999']
1700
['0', '1102', '0', '1899']
1700
['0', '1604', '0', '1498']
1700
['0', '902', '0', '1999']
1700
['0', '902', '0', '1999']
1700
['0', '1703', '0', '1499']
1700
['0', '1003', '0', '1898']
1700
['0', '902', '0', '1999']
1700
['0', '1502', '0', '1699']
======== Results ========
trace :  zigzag
memory size :  1700
trace_size :  52001
Q size :  17.0
page hit :  41874
page fault :  10127
Hit ratio:  80.52537451202862
Out stack hit :  41678
Predict Times = 49301 H->L 39341 L->H 1381 H->H 6789 L->L 1790
1800
['0', '599', '0', '201']
1800
['0', '1802', '0', '999']
1800
['0', '602', '0', '2199']
1800
['0', '1204', '0', '1798']
1800
['0', '602', '0', '2199']
1800
['0', '602', '0', '2199']
1800
['0', '1203', '0', '1799']
1800
['0', '603', '0', '2198']
1800
['0', '602', '0', '2199']
1800
['0', '1002', '0', '1999']
1800
['0', '804', '0', '1998']
1800
['0', '602', '0', '2199']
1800
['0', '602', '0', '2199']
1800
['0', '1204', '0', '1798']
1800
['0', '602', '0', '2199']
1800
['0', '602', '0', '2199']
1800
['0', '1203', '0', '1799']
1800
['0', '603', '0', '2198']
1800
['0', '602', '0', '2199']
1800
['0', '1002', '0', '1999']
======== Results ========
trace :  zigzag
memory size :  1800
trace_size :  52001
Q size :  18.0
page hit :  44574
page fault :  7427
Hit ratio:  85.7175823541855
Out stack hit :  35254
Predict Times = 49201 H->L 33617 L->H 1183 H->H 3636 L->L 10765
1900
['0', '599', '0', '101']
1900
['0', '1602', '0', '1099']
1900
['0', '302', '0', '2399']
1900
['0', '604', '0', '2198']
1900
['0', '302', '0', '2399']
1900
['0', '302', '0', '2399']
1900
['0', '604', '0', '2198']
1900
['0', '302', '0', '2399']
1900
['0', '302', '0', '2399']
1900
['0', '502', '0', '2299']
1900
['0', '404', '0', '2298']
1900
['0', '302', '0', '2399']
1900
['0', '302', '0', '2399']
1900
['0', '604', '0', '2198']
1900
['0', '302', '0', '2399']
1900
['0', '302', '0', '2399']
1900
['0', '604', '0', '2198']
1900
['0', '302', '0', '2399']
1900
['0', '302', '0', '2399']
1900
['0', '502', '0', '2299']
======== Results ========
trace :  zigzag
memory size :  1900
trace_size :  52001
Q size :  19.0
page hit :  47274
page fault :  4727
Hit ratio:  90.90979019634237
Out stack hit :  30165
Predict Times = 49101 H->L 28342 L->H 1082 H->H 1332 L->L 18345
2000
['0', '599', '0', '1']
2000
['0', '1402', '0', '1199']
2000
['0', '2', '0', '2599']
2000
['0', '4', '0', '2598']
2000
['0', '2', '0', '2599']
2000
['0', '2', '0', '2599']
2000
['0', '4', '0', '2598']
2000
['0', '2', '0', '2599']
2000
['0', '2', '0', '2599']
2000
['0', '2', '0', '2599']
2000
['0', '4', '0', '2598']
2000
['0', '2', '0', '2599']
2000
['0', '2', '0', '2599']
2000
['0', '4', '0', '2598']
2000
['0', '2', '0', '2599']
2000
['0', '2', '0', '2599']
2000
['0', '4', '0', '2598']
2000
['0', '2', '0', '2599']
2000
['0', '2', '0', '2599']
2000
['0', '2', '0', '2599']
======== Results ========
trace :  zigzag
memory size :  2000
trace_size :  52001
Q size :  20.0
page hit :  49975
page fault :  2026
Hit ratio:  96.1039210784408
Out stack hit :  2525
Predict Times = 49001 H->L 524 L->H 0 H->H 0 L->L 48477
2002
['0', '0', '0', '0']
2002
['0', '0', '0', '0']
2002
['0', '0', '0', '0']
2002
['0', '0', '0', '0']
2002
['0', '0', '0', '0']
2002
['0', '0', '0', '0']
2002
['0', '0', '0', '0']
2002
['0', '0', '0', '0']
2002
['0', '0', '0', '0']
2002
['0', '0', '0', '0']
2002
['0', '0', '0', '0']
2002
['0', '0', '0', '0']
2002
['0', '0', '0', '0']
2002
['0', '0', '0', '0']
2002
['0', '0', '0', '0']
2002
['0', '0', '0', '0']
2002
['0', '0', '0', '0']
2002
['0', '0', '0', '0']
2002
['0', '0', '0', '0']
2002
['0', '0', '0', '0']
======== Results ========
trace :  zigzag
memory size :  2100
trace_size :  52001
Q size :  21.0
page hit :  50000
page fault :  2001
Hit ratio:  96.15199707697928
Out stack hit :  2001
Predict Times = 0 H->L 0 L->H 0 H->H 0 L->L 0
